time="2022-05-25T23:13:19+09:00" level=debug msg="OpenShift Installer 4.10.8"
time="2022-05-25T23:13:19+09:00" level=debug msg="Built from commit cf244530e9699eb209036670a17ab471f98f9f9b"
time="2022-05-25T23:13:19+09:00" level=debug msg="Fetching Bootstrap SSH Key Pair..."
time="2022-05-25T23:13:19+09:00" level=debug msg="Loading Bootstrap SSH Key Pair..."
time="2022-05-25T23:13:19+09:00" level=debug msg="Generating Bootstrap SSH Key Pair..."
time="2022-05-25T23:13:19+09:00" level=debug msg="Failed to marshal PKIX public key: %!s(<nil>)"
time="2022-05-25T23:13:19+09:00" level=debug msg="Fetching Install Config..."
time="2022-05-25T23:13:19+09:00" level=debug msg="Loading Install Config..."
time="2022-05-25T23:13:19+09:00" level=debug msg="  Loading SSH Key..."
time="2022-05-25T23:13:19+09:00" level=debug msg="  Loading Base Domain..."
time="2022-05-25T23:13:19+09:00" level=debug msg="    Loading Platform..."
time="2022-05-25T23:13:19+09:00" level=debug msg="  Loading Cluster Name..."
time="2022-05-25T23:13:19+09:00" level=debug msg="    Loading Base Domain..."
time="2022-05-25T23:13:19+09:00" level=debug msg="    Loading Platform..."
time="2022-05-25T23:13:19+09:00" level=debug msg="  Loading Networking..."
time="2022-05-25T23:13:19+09:00" level=debug msg="    Loading Platform..."
time="2022-05-25T23:13:19+09:00" level=debug msg="  Loading Pull Secret..."
time="2022-05-25T23:13:19+09:00" level=debug msg="  Loading Platform..."
time="2022-05-25T23:13:19+09:00" level=debug msg="  Fetching SSH Key..."
time="2022-05-25T23:13:19+09:00" level=debug msg="  Generating SSH Key..."
time="2022-05-25T23:13:21+09:00" level=fatal msg="failed to fetch Install Config: failed to fetch dependency of \"Install Config\": failed to generate asset \"SSH Key\": failed UserInput: interrupt"
